soma_data_module:__init__:57 -- V48_02_SOMA -- OC_05_G_03_real_000_synt_100 -- Setting up SOMA data loader
soma_data_module:marker_layout_from_c3d_with_mosh:224 -- V48_02_SOMA -- OC_05_G_03_real_000_synt_100 -- A c3d file is given as marker layout. Running MoSh stage-i to obtain marker layout.
soma_data_module:marker_layout_from_c3d_with_mosh:227 -- V48_02_SOMA -- OC_05_G_03_real_000_synt_100 -- MoSh computed marker layout already exists: /ps/project/soma/support_files/release_soma/marker_layouts/SOMA/soma_subject1/clap_001_smplx_finetuned.json.
soma_data_module:prepare_training_superset:37 -- V48_02_SOMA -- OC_05_G_03_real_000_synt_100 -- Loading superset from: /is/cluster/scratch/nghorbani/soma/data/V48_01_SOMA/marker_dataset/superset.json
soma_data_module:__init__:108 -- V48_02_SOMA -- OC_05_G_03_real_000_synt_100 -- num_points (56) = num_ghost_max (3) * num_body_parts (1) + num_prop_marker_max (0) + num_superset_labels (53) 
synthetic_body_dataset:prepare_synthetic_body_dataset:76 -- V48_02_SOMA -- OC_05_G_03_real_000_synt_100 -- Synthetic body dataset already exists at /ps/project/soma/support_files/release_soma/smplx/training_body_parameters/V48_01/body_dataset
marker_dataset:prepare_marker_dataset:282 -- V48_02_SOMA -- OC_05_G_03_real_000_synt_100 -- Marker dataset already exists at /is/cluster/scratch/nghorbani/soma/data/V48_01_SOMA/marker_dataset
amass_marker_noise_model:amass_marker_noise_model_exists:64 -- V48_02_SOMA -- OC_05_G_03_real_000_synt_100 -- AMASS noise model already exists at /is/cluster/scratch/nghorbani/soma/data/V48_01_SOMA/amass_marker_noise/train/amass_marker_noise_model.npz
mocap_dataset:__init__:51 -- V48_02_SOMA -- OC_05_G_03_real_000_synt_100 -- Will produce augmented mocap point cloud data for split vald: num_ghost_max = 3, num_occ_max = 5, num_btraj_max = 0, marker_noise_var = 0.00e+00, use_model_based_marker_pos_noise = True
mocap_dataset:__init__:61 -- V48_02_SOMA -- OC_05_G_03_real_000_synt_100 -- split_name = vald, limit_real_data = 0.0, limit_synt_data = 1.0
mocap_dataset:__init__:79 -- V48_02_SOMA -- OC_05_G_03_real_000_synt_100 -- dimensions of loaded data: {'markers': torch.Size([137483, 1, 159]), 'root_orient': torch.Size([137483, 1, 3]), 'data_is_real': torch.Size([137483]), 'trans': torch.Size([137483, 1, 3]), 'pose_body': torch.Size([137483, 1, 63]), 'betas': torch.Size([137483, 1, 10])}
mocap_dataset:__init__:87 -- V48_02_SOMA -- OC_05_G_03_real_000_synt_100 -- loaded dataset settings from ['/is/cluster/scratch/nghorbani/soma/data/V48_01_SOMA/marker_dataset/vald/../settings.yaml']
mocap_dataset:__init__:96 -- V48_02_SOMA -- OC_05_G_03_real_000_synt_100 -- Split vald: Loaded #137483 data points from marker_dataset_dir /is/cluster/scratch/nghorbani/soma/data/V48_01_SOMA/marker_dataset/vald.
mocap_dataset:__init__:98 -- V48_02_SOMA -- OC_05_G_03_real_000_synt_100 -- Split vald: #0 (0.00) real and #137483 (1.00) synthetic data points.
mocap_dataset:__init__:105 -- V48_02_SOMA -- OC_05_G_03_real_000_synt_100 -- synthetic_body_amass_splits: ['HumanEva', 'ACCAD', 'TotalCapture']
mocap_dataset:__init__:126 -- V48_02_SOMA -- OC_05_G_03_real_000_synt_100 -- Loading marker layout: /ps/project/soma/support_files/release_soma/marker_layouts/SOMA/soma_subject1/clap_001_smplx_finetuned.json
mocap_dataset:__init__:51 -- V48_02_SOMA -- OC_05_G_03_real_000_synt_100 -- Will produce augmented mocap point cloud data for split train: num_ghost_max = 3, num_occ_max = 5, num_btraj_max = 0, marker_noise_var = 0.00e+00, use_model_based_marker_pos_noise = True
mocap_dataset:__init__:61 -- V48_02_SOMA -- OC_05_G_03_real_000_synt_100 -- split_name = train, limit_real_data = 0.0, limit_synt_data = 1.0
mocap_dataset:__init__:70 -- V48_02_SOMA -- OC_05_G_03_real_000_synt_100 -- Chosen 0.00 of real data point #0 of #0
mocap_dataset:__init__:79 -- V48_02_SOMA -- OC_05_G_03_real_000_synt_100 -- dimensions of loaded data: {'pose_body': torch.Size([1043609, 1, 63]), 'root_orient': torch.Size([1043609, 1, 3]), 'trans': torch.Size([1043609, 1, 3]), 'markers': torch.Size([1043609, 1, 159]), 'betas': torch.Size([1043609, 1, 10]), 'data_is_real': torch.Size([1043609])}
mocap_dataset:__init__:87 -- V48_02_SOMA -- OC_05_G_03_real_000_synt_100 -- loaded dataset settings from ['/is/cluster/scratch/nghorbani/soma/data/V48_01_SOMA/marker_dataset/train/../settings.yaml']
mocap_dataset:__init__:96 -- V48_02_SOMA -- OC_05_G_03_real_000_synt_100 -- Split train: Loaded #1043609 data points from marker_dataset_dir /is/cluster/scratch/nghorbani/soma/data/V48_01_SOMA/marker_dataset/train.
mocap_dataset:__init__:98 -- V48_02_SOMA -- OC_05_G_03_real_000_synt_100 -- Split train: #0 (0.00) real and #1043609 (1.00) synthetic data points.
mocap_dataset:__init__:105 -- V48_02_SOMA -- OC_05_G_03_real_000_synt_100 -- synthetic_body_amass_splits: ['CMU', 'Transitions', 'PosePrior', 'CAESAR_SMPLx_betas']
mocap_dataset:__init__:126 -- V48_02_SOMA -- OC_05_G_03_real_000_synt_100 -- Loading marker layout: /ps/project/soma/support_files/release_soma/marker_layouts/SOMA/soma_subject1/clap_001_smplx_finetuned.json
soma_trainer:__init__:54 -- V48_02_SOMA -- OC_05_G_03_real_000_synt_100 -- superset_fname: /is/cluster/scratch/nghorbani/soma/data/V48_01_SOMA/marker_dataset/superset.json
soma_data_module:__init__:57 -- V48_02_SOMA -- OC_05_G_03_real_000_synt_100 -- Setting up SOMA data loader
soma_data_module:marker_layout_from_c3d_with_mosh:224 -- V48_02_SOMA -- OC_05_G_03_real_000_synt_100 -- A c3d file is given as marker layout. Running MoSh stage-i to obtain marker layout.
soma_data_module:marker_layout_from_c3d_with_mosh:227 -- V48_02_SOMA -- OC_05_G_03_real_000_synt_100 -- MoSh computed marker layout already exists: /ps/project/soma/support_files/release_soma/marker_layouts/SOMA/soma_subject1/clap_001_smplx_finetuned.json.
soma_data_module:prepare_training_superset:37 -- V48_02_SOMA -- OC_05_G_03_real_000_synt_100 -- Loading superset from: /is/cluster/scratch/nghorbani/soma/data/V48_01_SOMA/marker_dataset/superset.json
soma_data_module:__init__:108 -- V48_02_SOMA -- OC_05_G_03_real_000_synt_100 -- num_points (56) = num_ghost_max (3) * num_body_parts (1) + num_prop_marker_max (0) + num_superset_labels (53) 
mocap_dataset:__init__:51 -- V48_02_SOMA -- OC_05_G_03_real_000_synt_100 -- Will produce augmented mocap point cloud data for split vald: num_ghost_max = 3, num_occ_max = 5, num_btraj_max = 0, marker_noise_var = 0.00e+00, use_model_based_marker_pos_noise = True
mocap_dataset:__init__:61 -- V48_02_SOMA -- OC_05_G_03_real_000_synt_100 -- split_name = vald, limit_real_data = 0.0, limit_synt_data = 1.0
mocap_dataset:__init__:79 -- V48_02_SOMA -- OC_05_G_03_real_000_synt_100 -- dimensions of loaded data: {'markers': torch.Size([137483, 1, 159]), 'root_orient': torch.Size([137483, 1, 3]), 'data_is_real': torch.Size([137483]), 'trans': torch.Size([137483, 1, 3]), 'pose_body': torch.Size([137483, 1, 63]), 'betas': torch.Size([137483, 1, 10])}
mocap_dataset:__init__:87 -- V48_02_SOMA -- OC_05_G_03_real_000_synt_100 -- loaded dataset settings from ['/is/cluster/scratch/nghorbani/soma/data/V48_01_SOMA/marker_dataset/vald/../settings.yaml']
mocap_dataset:__init__:96 -- V48_02_SOMA -- OC_05_G_03_real_000_synt_100 -- Split vald: Loaded #137483 data points from marker_dataset_dir /is/cluster/scratch/nghorbani/soma/data/V48_01_SOMA/marker_dataset/vald.
mocap_dataset:__init__:98 -- V48_02_SOMA -- OC_05_G_03_real_000_synt_100 -- Split vald: #0 (0.00) real and #137483 (1.00) synthetic data points.
mocap_dataset:__init__:105 -- V48_02_SOMA -- OC_05_G_03_real_000_synt_100 -- synthetic_body_amass_splits: ['HumanEva', 'ACCAD', 'TotalCapture']
mocap_dataset:__init__:126 -- V48_02_SOMA -- OC_05_G_03_real_000_synt_100 -- Loading marker layout: /ps/project/soma/support_files/release_soma/marker_layouts/SOMA/soma_subject1/clap_001_smplx_finetuned.json
mocap_dataset:__init__:51 -- V48_02_SOMA -- OC_05_G_03_real_000_synt_100 -- Will produce augmented mocap point cloud data for split train: num_ghost_max = 3, num_occ_max = 5, num_btraj_max = 0, marker_noise_var = 0.00e+00, use_model_based_marker_pos_noise = True
mocap_dataset:__init__:61 -- V48_02_SOMA -- OC_05_G_03_real_000_synt_100 -- split_name = train, limit_real_data = 0.0, limit_synt_data = 1.0
mocap_dataset:__init__:70 -- V48_02_SOMA -- OC_05_G_03_real_000_synt_100 -- Chosen 0.00 of real data point #0 of #0
mocap_dataset:__init__:79 -- V48_02_SOMA -- OC_05_G_03_real_000_synt_100 -- dimensions of loaded data: {'pose_body': torch.Size([1043609, 1, 63]), 'root_orient': torch.Size([1043609, 1, 3]), 'trans': torch.Size([1043609, 1, 3]), 'markers': torch.Size([1043609, 1, 159]), 'betas': torch.Size([1043609, 1, 10]), 'data_is_real': torch.Size([1043609])}
mocap_dataset:__init__:87 -- V48_02_SOMA -- OC_05_G_03_real_000_synt_100 -- loaded dataset settings from ['/is/cluster/scratch/nghorbani/soma/data/V48_01_SOMA/marker_dataset/train/../settings.yaml']
mocap_dataset:__init__:96 -- V48_02_SOMA -- OC_05_G_03_real_000_synt_100 -- Split train: Loaded #1043609 data points from marker_dataset_dir /is/cluster/scratch/nghorbani/soma/data/V48_01_SOMA/marker_dataset/train.
mocap_dataset:__init__:98 -- V48_02_SOMA -- OC_05_G_03_real_000_synt_100 -- Split train: #0 (0.00) real and #1043609 (1.00) synthetic data points.
mocap_dataset:__init__:105 -- V48_02_SOMA -- OC_05_G_03_real_000_synt_100 -- synthetic_body_amass_splits: ['CMU', 'Transitions', 'PosePrior', 'CAESAR_SMPLx_betas']
mocap_dataset:__init__:126 -- V48_02_SOMA -- OC_05_G_03_real_000_synt_100 -- Loading marker layout: /ps/project/soma/support_files/release_soma/marker_layouts/SOMA/soma_subject1/clap_001_smplx_finetuned.json
soma_trainer:__init__:54 -- V48_02_SOMA -- OC_05_G_03_real_000_synt_100 -- superset_fname: /is/cluster/scratch/nghorbani/soma/data/V48_01_SOMA/marker_dataset/superset.json
soma_data_module:__init__:57 -- V48_02_SOMA -- OC_05_G_03_real_000_synt_100 -- Setting up SOMA data loader
soma_data_module:marker_layout_from_c3d_with_mosh:224 -- V48_02_SOMA -- OC_05_G_03_real_000_synt_100 -- A c3d file is given as marker layout. Running MoSh stage-i to obtain marker layout.
soma_data_module:marker_layout_from_c3d_with_mosh:227 -- V48_02_SOMA -- OC_05_G_03_real_000_synt_100 -- MoSh computed marker layout already exists: /ps/project/soma/support_files/release_soma/marker_layouts/SOMA/soma_subject1/clap_001_smplx_finetuned.json.
soma_data_module:prepare_training_superset:37 -- V48_02_SOMA -- OC_05_G_03_real_000_synt_100 -- Loading superset from: /is/cluster/scratch/nghorbani/soma/data/V48_01_SOMA/marker_dataset/superset.json
soma_data_module:__init__:108 -- V48_02_SOMA -- OC_05_G_03_real_000_synt_100 -- num_points (56) = num_ghost_max (3) * num_body_parts (1) + num_prop_marker_max (0) + num_superset_labels (53) 
mocap_dataset:__init__:51 -- V48_02_SOMA -- OC_05_G_03_real_000_synt_100 -- Will produce augmented mocap point cloud data for split vald: num_ghost_max = 3, num_occ_max = 5, num_btraj_max = 0, marker_noise_var = 0.00e+00, use_model_based_marker_pos_noise = True
mocap_dataset:__init__:61 -- V48_02_SOMA -- OC_05_G_03_real_000_synt_100 -- split_name = vald, limit_real_data = 0.0, limit_synt_data = 1.0
mocap_dataset:__init__:79 -- V48_02_SOMA -- OC_05_G_03_real_000_synt_100 -- dimensions of loaded data: {'markers': torch.Size([137483, 1, 159]), 'root_orient': torch.Size([137483, 1, 3]), 'data_is_real': torch.Size([137483]), 'trans': torch.Size([137483, 1, 3]), 'pose_body': torch.Size([137483, 1, 63]), 'betas': torch.Size([137483, 1, 10])}
mocap_dataset:__init__:87 -- V48_02_SOMA -- OC_05_G_03_real_000_synt_100 -- loaded dataset settings from ['/is/cluster/scratch/nghorbani/soma/data/V48_01_SOMA/marker_dataset/vald/../settings.yaml']
mocap_dataset:__init__:96 -- V48_02_SOMA -- OC_05_G_03_real_000_synt_100 -- Split vald: Loaded #137483 data points from marker_dataset_dir /is/cluster/scratch/nghorbani/soma/data/V48_01_SOMA/marker_dataset/vald.
mocap_dataset:__init__:98 -- V48_02_SOMA -- OC_05_G_03_real_000_synt_100 -- Split vald: #0 (0.00) real and #137483 (1.00) synthetic data points.
mocap_dataset:__init__:105 -- V48_02_SOMA -- OC_05_G_03_real_000_synt_100 -- synthetic_body_amass_splits: ['HumanEva', 'ACCAD', 'TotalCapture']
mocap_dataset:__init__:126 -- V48_02_SOMA -- OC_05_G_03_real_000_synt_100 -- Loading marker layout: /ps/project/soma/support_files/release_soma/marker_layouts/SOMA/soma_subject1/clap_001_smplx_finetuned.json
mocap_dataset:__init__:51 -- V48_02_SOMA -- OC_05_G_03_real_000_synt_100 -- Will produce augmented mocap point cloud data for split train: num_ghost_max = 3, num_occ_max = 5, num_btraj_max = 0, marker_noise_var = 0.00e+00, use_model_based_marker_pos_noise = True
mocap_dataset:__init__:61 -- V48_02_SOMA -- OC_05_G_03_real_000_synt_100 -- split_name = train, limit_real_data = 0.0, limit_synt_data = 1.0
mocap_dataset:__init__:70 -- V48_02_SOMA -- OC_05_G_03_real_000_synt_100 -- Chosen 0.00 of real data point #0 of #0
mocap_dataset:__init__:79 -- V48_02_SOMA -- OC_05_G_03_real_000_synt_100 -- dimensions of loaded data: {'pose_body': torch.Size([1043609, 1, 63]), 'root_orient': torch.Size([1043609, 1, 3]), 'trans': torch.Size([1043609, 1, 3]), 'markers': torch.Size([1043609, 1, 159]), 'betas': torch.Size([1043609, 1, 10]), 'data_is_real': torch.Size([1043609])}
mocap_dataset:__init__:87 -- V48_02_SOMA -- OC_05_G_03_real_000_synt_100 -- loaded dataset settings from ['/is/cluster/scratch/nghorbani/soma/data/V48_01_SOMA/marker_dataset/train/../settings.yaml']
mocap_dataset:__init__:96 -- V48_02_SOMA -- OC_05_G_03_real_000_synt_100 -- Split train: Loaded #1043609 data points from marker_dataset_dir /is/cluster/scratch/nghorbani/soma/data/V48_01_SOMA/marker_dataset/train.
mocap_dataset:__init__:98 -- V48_02_SOMA -- OC_05_G_03_real_000_synt_100 -- Split train: #0 (0.00) real and #1043609 (1.00) synthetic data points.
mocap_dataset:__init__:105 -- V48_02_SOMA -- OC_05_G_03_real_000_synt_100 -- synthetic_body_amass_splits: ['CMU', 'Transitions', 'PosePrior', 'CAESAR_SMPLx_betas']
mocap_dataset:__init__:126 -- V48_02_SOMA -- OC_05_G_03_real_000_synt_100 -- Loading marker layout: /ps/project/soma/support_files/release_soma/marker_layouts/SOMA/soma_subject1/clap_001_smplx_finetuned.json
soma_data_module:__init__:57 -- V48_02_SOMA -- OC_05_G_03_real_000_synt_100 -- Setting up SOMA data loader
soma_data_module:marker_layout_from_c3d_with_mosh:224 -- V48_02_SOMA -- OC_05_G_03_real_000_synt_100 -- A c3d file is given as marker layout. Running MoSh stage-i to obtain marker layout.
soma_data_module:marker_layout_from_c3d_with_mosh:227 -- V48_02_SOMA -- OC_05_G_03_real_000_synt_100 -- MoSh computed marker layout already exists: /ps/project/soma/support_files/release_soma/marker_layouts/SOMA/soma_subject1/clap_001_smplx_finetuned.json.
soma_data_module:prepare_training_superset:37 -- V48_02_SOMA -- OC_05_G_03_real_000_synt_100 -- Loading superset from: /is/cluster/scratch/nghorbani/soma/data/V48_01_SOMA/marker_dataset/superset.json
soma_data_module:__init__:108 -- V48_02_SOMA -- OC_05_G_03_real_000_synt_100 -- num_points (56) = num_ghost_max (3) * num_body_parts (1) + num_prop_marker_max (0) + num_superset_labels (53) 
mocap_dataset:__init__:51 -- V48_02_SOMA -- OC_05_G_03_real_000_synt_100 -- Will produce augmented mocap point cloud data for split vald: num_ghost_max = 3, num_occ_max = 5, num_btraj_max = 0, marker_noise_var = 0.00e+00, use_model_based_marker_pos_noise = True
mocap_dataset:__init__:61 -- V48_02_SOMA -- OC_05_G_03_real_000_synt_100 -- split_name = vald, limit_real_data = 0.0, limit_synt_data = 1.0
mocap_dataset:__init__:79 -- V48_02_SOMA -- OC_05_G_03_real_000_synt_100 -- dimensions of loaded data: {'markers': torch.Size([137483, 1, 159]), 'root_orient': torch.Size([137483, 1, 3]), 'data_is_real': torch.Size([137483]), 'trans': torch.Size([137483, 1, 3]), 'pose_body': torch.Size([137483, 1, 63]), 'betas': torch.Size([137483, 1, 10])}
soma_trainer:__init__:54 -- V48_02_SOMA -- OC_05_G_03_real_000_synt_100 -- superset_fname: /is/cluster/scratch/nghorbani/soma/data/V48_01_SOMA/marker_dataset/superset.json
mocap_dataset:__init__:87 -- V48_02_SOMA -- OC_05_G_03_real_000_synt_100 -- loaded dataset settings from ['/is/cluster/scratch/nghorbani/soma/data/V48_01_SOMA/marker_dataset/vald/../settings.yaml']
mocap_dataset:__init__:96 -- V48_02_SOMA -- OC_05_G_03_real_000_synt_100 -- Split vald: Loaded #137483 data points from marker_dataset_dir /is/cluster/scratch/nghorbani/soma/data/V48_01_SOMA/marker_dataset/vald.
mocap_dataset:__init__:98 -- V48_02_SOMA -- OC_05_G_03_real_000_synt_100 -- Split vald: #0 (0.00) real and #137483 (1.00) synthetic data points.
mocap_dataset:__init__:105 -- V48_02_SOMA -- OC_05_G_03_real_000_synt_100 -- synthetic_body_amass_splits: ['HumanEva', 'ACCAD', 'TotalCapture']
mocap_dataset:__init__:126 -- V48_02_SOMA -- OC_05_G_03_real_000_synt_100 -- Loading marker layout: /ps/project/soma/support_files/release_soma/marker_layouts/SOMA/soma_subject1/clap_001_smplx_finetuned.json
mocap_dataset:__init__:51 -- V48_02_SOMA -- OC_05_G_03_real_000_synt_100 -- Will produce augmented mocap point cloud data for split train: num_ghost_max = 3, num_occ_max = 5, num_btraj_max = 0, marker_noise_var = 0.00e+00, use_model_based_marker_pos_noise = True
mocap_dataset:__init__:61 -- V48_02_SOMA -- OC_05_G_03_real_000_synt_100 -- split_name = train, limit_real_data = 0.0, limit_synt_data = 1.0
mocap_dataset:__init__:70 -- V48_02_SOMA -- OC_05_G_03_real_000_synt_100 -- Chosen 0.00 of real data point #0 of #0
mocap_dataset:__init__:79 -- V48_02_SOMA -- OC_05_G_03_real_000_synt_100 -- dimensions of loaded data: {'pose_body': torch.Size([1043609, 1, 63]), 'root_orient': torch.Size([1043609, 1, 3]), 'trans': torch.Size([1043609, 1, 3]), 'markers': torch.Size([1043609, 1, 159]), 'betas': torch.Size([1043609, 1, 10]), 'data_is_real': torch.Size([1043609])}
mocap_dataset:__init__:87 -- V48_02_SOMA -- OC_05_G_03_real_000_synt_100 -- loaded dataset settings from ['/is/cluster/scratch/nghorbani/soma/data/V48_01_SOMA/marker_dataset/train/../settings.yaml']
mocap_dataset:__init__:96 -- V48_02_SOMA -- OC_05_G_03_real_000_synt_100 -- Split train: Loaded #1043609 data points from marker_dataset_dir /is/cluster/scratch/nghorbani/soma/data/V48_01_SOMA/marker_dataset/train.
mocap_dataset:__init__:98 -- V48_02_SOMA -- OC_05_G_03_real_000_synt_100 -- Split train: #0 (0.00) real and #1043609 (1.00) synthetic data points.
mocap_dataset:__init__:105 -- V48_02_SOMA -- OC_05_G_03_real_000_synt_100 -- synthetic_body_amass_splits: ['CMU', 'Transitions', 'PosePrior', 'CAESAR_SMPLx_betas']
mocap_dataset:__init__:126 -- V48_02_SOMA -- OC_05_G_03_real_000_synt_100 -- Loading marker layout: /ps/project/soma/support_files/release_soma/marker_layouts/SOMA/soma_subject1/clap_001_smplx_finetuned.json
soma_trainer:__init__:54 -- V48_02_SOMA -- OC_05_G_03_real_000_synt_100 -- superset_fname: /is/cluster/scratch/nghorbani/soma/data/V48_01_SOMA/marker_dataset/superset.json
soma_trainer:configure_optimizers:114 -- V48_02_SOMA -- OC_05_G_03_real_000_synt_100 -- Total trainable gen_params: 1.4385 M.
soma_trainer:configure_optimizers:114 -- V48_02_SOMA -- OC_05_G_03_real_000_synt_100 -- Total trainable gen_params: 1.4385 M.
soma_trainer:configure_optimizers:114 -- V48_02_SOMA -- OC_05_G_03_real_000_synt_100 -- Total trainable gen_params: 1.4385 M.
soma_trainer:configure_optimizers:114 -- V48_02_SOMA -- OC_05_G_03_real_000_synt_100 -- Total trainable gen_params: 1.4385 M.
soma_trainer:validation_epoch_end:268 -- V48_02_SOMA -- OC_05_G_03_real_000_synt_100 -- Epoch 0: val_loss:512.07, f1:0.00, acc:0.02
soma_trainer:validation_epoch_end:270 -- V48_02_SOMA -- OC_05_G_03_real_000_synt_100 -- lr is ['1.00e-03']
soma_trainer:on_train_start:94 -- V48_02_SOMA -- OC_05_G_03_real_000_synt_100 -- Created a git archive backup at /is/cluster/scratch/nghorbani/soma/training_experiments/V48_02_SOMA/OC_05_G_03_real_000_synt_100/code/soma_2021_07_25_01_42_02.tar.gz
soma_trainer:validation_epoch_end:268 -- V48_02_SOMA -- OC_05_G_03_real_000_synt_100 -- Epoch 0: val_loss:-86.11, f1:0.98, acc:0.98
soma_trainer:validation_epoch_end:270 -- V48_02_SOMA -- OC_05_G_03_real_000_synt_100 -- lr is ['1.00e-03']
soma_trainer:validation_epoch_end:268 -- V48_02_SOMA -- OC_05_G_03_real_000_synt_100 -- Epoch 1: val_loss:-90.79, f1:0.99, acc:0.99
soma_trainer:validation_epoch_end:270 -- V48_02_SOMA -- OC_05_G_03_real_000_synt_100 -- lr is ['1.00e-03']
soma_trainer:validation_epoch_end:268 -- V48_02_SOMA -- OC_05_G_03_real_000_synt_100 -- Epoch 2: val_loss:-91.08, f1:0.99, acc:0.99
soma_trainer:validation_epoch_end:270 -- V48_02_SOMA -- OC_05_G_03_real_000_synt_100 -- lr is ['1.00e-03']
soma_trainer:validation_epoch_end:268 -- V48_02_SOMA -- OC_05_G_03_real_000_synt_100 -- Epoch 3: val_loss:-91.91, f1:0.99, acc:0.99
soma_trainer:validation_epoch_end:270 -- V48_02_SOMA -- OC_05_G_03_real_000_synt_100 -- lr is ['1.00e-03']
soma_trainer:validation_epoch_end:268 -- V48_02_SOMA -- OC_05_G_03_real_000_synt_100 -- Epoch 4: val_loss:-91.29, f1:0.99, acc:0.99
soma_trainer:validation_epoch_end:270 -- V48_02_SOMA -- OC_05_G_03_real_000_synt_100 -- lr is ['1.00e-03']
soma_trainer:validation_epoch_end:268 -- V48_02_SOMA -- OC_05_G_03_real_000_synt_100 -- Epoch 5: val_loss:-92.44, f1:0.99, acc:0.99
soma_trainer:validation_epoch_end:270 -- V48_02_SOMA -- OC_05_G_03_real_000_synt_100 -- lr is ['1.00e-03']
soma_trainer:validation_epoch_end:268 -- V48_02_SOMA -- OC_05_G_03_real_000_synt_100 -- Epoch 6: val_loss:-92.78, f1:0.99, acc:0.99
soma_trainer:validation_epoch_end:270 -- V48_02_SOMA -- OC_05_G_03_real_000_synt_100 -- lr is ['1.00e-03']
soma_trainer:validation_epoch_end:268 -- V48_02_SOMA -- OC_05_G_03_real_000_synt_100 -- Epoch 7: val_loss:-92.76, f1:0.99, acc:0.99
soma_trainer:validation_epoch_end:270 -- V48_02_SOMA -- OC_05_G_03_real_000_synt_100 -- lr is ['1.00e-03']
soma_trainer:validation_epoch_end:268 -- V48_02_SOMA -- OC_05_G_03_real_000_synt_100 -- Epoch 8: val_loss:-92.05, f1:0.99, acc:0.99
soma_trainer:validation_epoch_end:270 -- V48_02_SOMA -- OC_05_G_03_real_000_synt_100 -- lr is ['1.00e-03']
soma_trainer:validation_epoch_end:268 -- V48_02_SOMA -- OC_05_G_03_real_000_synt_100 -- Epoch 9: val_loss:-92.91, f1:0.99, acc:0.99
soma_trainer:validation_epoch_end:270 -- V48_02_SOMA -- OC_05_G_03_real_000_synt_100 -- lr is ['1.00e-03']
soma_trainer:validation_epoch_end:268 -- V48_02_SOMA -- OC_05_G_03_real_000_synt_100 -- Epoch 10: val_loss:-93.05, f1:0.99, acc:0.99
soma_trainer:validation_epoch_end:270 -- V48_02_SOMA -- OC_05_G_03_real_000_synt_100 -- lr is ['1.00e-03']
soma_trainer:validation_epoch_end:268 -- V48_02_SOMA -- OC_05_G_03_real_000_synt_100 -- Epoch 11: val_loss:-92.87, f1:0.99, acc:0.99
soma_trainer:validation_epoch_end:270 -- V48_02_SOMA -- OC_05_G_03_real_000_synt_100 -- lr is ['1.00e-03']
soma_trainer:validation_epoch_end:268 -- V48_02_SOMA -- OC_05_G_03_real_000_synt_100 -- Epoch 12: val_loss:-92.86, f1:0.99, acc:0.99
soma_trainer:validation_epoch_end:270 -- V48_02_SOMA -- OC_05_G_03_real_000_synt_100 -- lr is ['1.00e-03']
soma_trainer:validation_epoch_end:268 -- V48_02_SOMA -- OC_05_G_03_real_000_synt_100 -- Epoch 13: val_loss:-93.35, f1:0.99, acc:0.99
soma_trainer:validation_epoch_end:270 -- V48_02_SOMA -- OC_05_G_03_real_000_synt_100 -- lr is ['1.00e-03']
soma_trainer:validation_epoch_end:268 -- V48_02_SOMA -- OC_05_G_03_real_000_synt_100 -- Epoch 14: val_loss:-93.53, f1:0.99, acc:0.99
soma_trainer:validation_epoch_end:270 -- V48_02_SOMA -- OC_05_G_03_real_000_synt_100 -- lr is ['1.00e-03']
soma_trainer:validation_epoch_end:268 -- V48_02_SOMA -- OC_05_G_03_real_000_synt_100 -- Epoch 15: val_loss:-64.64, f1:0.93, acc:0.92
soma_trainer:validation_epoch_end:270 -- V48_02_SOMA -- OC_05_G_03_real_000_synt_100 -- lr is ['1.00e-03']
soma_trainer:validation_epoch_end:268 -- V48_02_SOMA -- OC_05_G_03_real_000_synt_100 -- Epoch 16: val_loss:-93.75, f1:1.00, acc:1.00
soma_trainer:validation_epoch_end:270 -- V48_02_SOMA -- OC_05_G_03_real_000_synt_100 -- lr is ['1.00e-03']
soma_trainer:validation_epoch_end:268 -- V48_02_SOMA -- OC_05_G_03_real_000_synt_100 -- Epoch 17: val_loss:-91.93, f1:0.99, acc:0.99
soma_trainer:validation_epoch_end:270 -- V48_02_SOMA -- OC_05_G_03_real_000_synt_100 -- lr is ['1.00e-03']
soma_trainer:validation_epoch_end:268 -- V48_02_SOMA -- OC_05_G_03_real_000_synt_100 -- Epoch 18: val_loss:-93.64, f1:0.99, acc:0.99
soma_trainer:validation_epoch_end:270 -- V48_02_SOMA -- OC_05_G_03_real_000_synt_100 -- lr is ['1.00e-03']
soma_trainer:validation_epoch_end:268 -- V48_02_SOMA -- OC_05_G_03_real_000_synt_100 -- Epoch 19: val_loss:-94.41, f1:1.00, acc:1.00
soma_trainer:validation_epoch_end:270 -- V48_02_SOMA -- OC_05_G_03_real_000_synt_100 -- lr is ['1.00e-03']
soma_trainer:validation_epoch_end:268 -- V48_02_SOMA -- OC_05_G_03_real_000_synt_100 -- Epoch 20: val_loss:-93.92, f1:0.99, acc:0.99
soma_trainer:validation_epoch_end:270 -- V48_02_SOMA -- OC_05_G_03_real_000_synt_100 -- lr is ['1.00e-03']
soma_trainer:validation_epoch_end:268 -- V48_02_SOMA -- OC_05_G_03_real_000_synt_100 -- Epoch 21: val_loss:-94.08, f1:0.99, acc:0.99
soma_trainer:validation_epoch_end:270 -- V48_02_SOMA -- OC_05_G_03_real_000_synt_100 -- lr is ['1.00e-03']
soma_trainer:validation_epoch_end:268 -- V48_02_SOMA -- OC_05_G_03_real_000_synt_100 -- Epoch 22: val_loss:-94.21, f1:1.00, acc:1.00
soma_trainer:validation_epoch_end:270 -- V48_02_SOMA -- OC_05_G_03_real_000_synt_100 -- lr is ['1.00e-03']
soma_trainer:validation_epoch_end:268 -- V48_02_SOMA -- OC_05_G_03_real_000_synt_100 -- Epoch 23: val_loss:-93.58, f1:0.99, acc:0.99
soma_trainer:validation_epoch_end:270 -- V48_02_SOMA -- OC_05_G_03_real_000_synt_100 -- lr is ['1.00e-03']
soma_trainer:validation_epoch_end:268 -- V48_02_SOMA -- OC_05_G_03_real_000_synt_100 -- Epoch 24: val_loss:-94.85, f1:1.00, acc:1.00
soma_trainer:validation_epoch_end:270 -- V48_02_SOMA -- OC_05_G_03_real_000_synt_100 -- lr is ['1.00e-04']
soma_trainer:validation_epoch_end:268 -- V48_02_SOMA -- OC_05_G_03_real_000_synt_100 -- Epoch 25: val_loss:-95.25, f1:1.00, acc:1.00
soma_trainer:validation_epoch_end:270 -- V48_02_SOMA -- OC_05_G_03_real_000_synt_100 -- lr is ['1.00e-04']
soma_trainer:validation_epoch_end:268 -- V48_02_SOMA -- OC_05_G_03_real_000_synt_100 -- Epoch 26: val_loss:-94.88, f1:1.00, acc:1.00
soma_trainer:validation_epoch_end:270 -- V48_02_SOMA -- OC_05_G_03_real_000_synt_100 -- lr is ['1.00e-04']
soma_trainer:validation_epoch_end:268 -- V48_02_SOMA -- OC_05_G_03_real_000_synt_100 -- Epoch 27: val_loss:-94.89, f1:1.00, acc:1.00
soma_trainer:validation_epoch_end:270 -- V48_02_SOMA -- OC_05_G_03_real_000_synt_100 -- lr is ['1.00e-04']
soma_trainer:validation_epoch_end:268 -- V48_02_SOMA -- OC_05_G_03_real_000_synt_100 -- Epoch 28: val_loss:-95.30, f1:1.00, acc:1.00
soma_trainer:validation_epoch_end:270 -- V48_02_SOMA -- OC_05_G_03_real_000_synt_100 -- lr is ['1.00e-04']
soma_trainer:validation_epoch_end:268 -- V48_02_SOMA -- OC_05_G_03_real_000_synt_100 -- Epoch 29: val_loss:-95.45, f1:1.00, acc:1.00
soma_trainer:validation_epoch_end:270 -- V48_02_SOMA -- OC_05_G_03_real_000_synt_100 -- lr is ['1.00e-04']
soma_trainer:validation_epoch_end:268 -- V48_02_SOMA -- OC_05_G_03_real_000_synt_100 -- Epoch 30: val_loss:-95.36, f1:1.00, acc:1.00
soma_trainer:validation_epoch_end:270 -- V48_02_SOMA -- OC_05_G_03_real_000_synt_100 -- lr is ['1.00e-04']
soma_trainer:validation_epoch_end:268 -- V48_02_SOMA -- OC_05_G_03_real_000_synt_100 -- Epoch 31: val_loss:-95.59, f1:1.00, acc:1.00
soma_trainer:validation_epoch_end:270 -- V48_02_SOMA -- OC_05_G_03_real_000_synt_100 -- lr is ['1.00e-04']
soma_trainer:validation_epoch_end:268 -- V48_02_SOMA -- OC_05_G_03_real_000_synt_100 -- Epoch 32: val_loss:-95.08, f1:1.00, acc:1.00
soma_trainer:validation_epoch_end:270 -- V48_02_SOMA -- OC_05_G_03_real_000_synt_100 -- lr is ['1.00e-04']
soma_trainer:validation_epoch_end:268 -- V48_02_SOMA -- OC_05_G_03_real_000_synt_100 -- Epoch 33: val_loss:-95.05, f1:1.00, acc:1.00
soma_trainer:validation_epoch_end:270 -- V48_02_SOMA -- OC_05_G_03_real_000_synt_100 -- lr is ['1.00e-04']
soma_trainer:validation_epoch_end:268 -- V48_02_SOMA -- OC_05_G_03_real_000_synt_100 -- Epoch 34: val_loss:-95.26, f1:1.00, acc:1.00
soma_trainer:validation_epoch_end:270 -- V48_02_SOMA -- OC_05_G_03_real_000_synt_100 -- lr is ['1.00e-04']
soma_trainer:validation_epoch_end:268 -- V48_02_SOMA -- OC_05_G_03_real_000_synt_100 -- Epoch 35: val_loss:-95.31, f1:1.00, acc:1.00
soma_trainer:validation_epoch_end:270 -- V48_02_SOMA -- OC_05_G_03_real_000_synt_100 -- lr is ['1.00e-04']
soma_trainer:validation_epoch_end:268 -- V48_02_SOMA -- OC_05_G_03_real_000_synt_100 -- Epoch 36: val_loss:-95.38, f1:1.00, acc:1.00
soma_trainer:validation_epoch_end:270 -- V48_02_SOMA -- OC_05_G_03_real_000_synt_100 -- lr is ['1.00e-04']
soma_trainer:validation_epoch_end:268 -- V48_02_SOMA -- OC_05_G_03_real_000_synt_100 -- Epoch 37: val_loss:-95.14, f1:1.00, acc:1.00
soma_trainer:validation_epoch_end:270 -- V48_02_SOMA -- OC_05_G_03_real_000_synt_100 -- lr is ['1.00e-05']
soma_trainer:validation_epoch_end:268 -- V48_02_SOMA -- OC_05_G_03_real_000_synt_100 -- Epoch 38: val_loss:-95.65, f1:1.00, acc:1.00
soma_trainer:validation_epoch_end:270 -- V48_02_SOMA -- OC_05_G_03_real_000_synt_100 -- lr is ['1.00e-05']
soma_trainer:validation_epoch_end:268 -- V48_02_SOMA -- OC_05_G_03_real_000_synt_100 -- Epoch 39: val_loss:-95.19, f1:1.00, acc:1.00
soma_trainer:validation_epoch_end:270 -- V48_02_SOMA -- OC_05_G_03_real_000_synt_100 -- lr is ['1.00e-05']
soma_trainer:validation_epoch_end:268 -- V48_02_SOMA -- OC_05_G_03_real_000_synt_100 -- Epoch 40: val_loss:-94.94, f1:1.00, acc:1.00
soma_trainer:validation_epoch_end:270 -- V48_02_SOMA -- OC_05_G_03_real_000_synt_100 -- lr is ['1.00e-05']
soma_trainer:validation_epoch_end:268 -- V48_02_SOMA -- OC_05_G_03_real_000_synt_100 -- Epoch 41: val_loss:-95.27, f1:1.00, acc:1.00
soma_trainer:validation_epoch_end:270 -- V48_02_SOMA -- OC_05_G_03_real_000_synt_100 -- lr is ['1.00e-05']
soma_trainer:validation_epoch_end:268 -- V48_02_SOMA -- OC_05_G_03_real_000_synt_100 -- Epoch 42: val_loss:-95.40, f1:1.00, acc:1.00
soma_trainer:validation_epoch_end:270 -- V48_02_SOMA -- OC_05_G_03_real_000_synt_100 -- lr is ['1.00e-05']
soma_trainer:validation_epoch_end:268 -- V48_02_SOMA -- OC_05_G_03_real_000_synt_100 -- Epoch 43: val_loss:-95.51, f1:1.00, acc:1.00
soma_trainer:validation_epoch_end:270 -- V48_02_SOMA -- OC_05_G_03_real_000_synt_100 -- lr is ['1.00e-05']
soma_trainer:validation_epoch_end:268 -- V48_02_SOMA -- OC_05_G_03_real_000_synt_100 -- Epoch 44: val_loss:-95.19, f1:1.00, acc:1.00
soma_trainer:validation_epoch_end:270 -- V48_02_SOMA -- OC_05_G_03_real_000_synt_100 -- lr is ['1.00e-05']
soma_trainer:validation_epoch_end:268 -- V48_02_SOMA -- OC_05_G_03_real_000_synt_100 -- Epoch 45: val_loss:-95.02, f1:1.00, acc:1.00
soma_trainer:validation_epoch_end:270 -- V48_02_SOMA -- OC_05_G_03_real_000_synt_100 -- lr is ['1.00e-05']
soma_trainer:validation_epoch_end:268 -- V48_02_SOMA -- OC_05_G_03_real_000_synt_100 -- Epoch 46: val_loss:-95.23, f1:1.00, acc:1.00
soma_trainer:validation_epoch_end:270 -- V48_02_SOMA -- OC_05_G_03_real_000_synt_100 -- lr is ['1.00e-06']
soma_trainer:validation_epoch_end:268 -- V48_02_SOMA -- OC_05_G_03_real_000_synt_100 -- Epoch 47: val_loss:-95.26, f1:1.00, acc:1.00
soma_trainer:validation_epoch_end:270 -- V48_02_SOMA -- OC_05_G_03_real_000_synt_100 -- lr is ['1.00e-06']
soma_trainer:validation_epoch_end:268 -- V48_02_SOMA -- OC_05_G_03_real_000_synt_100 -- Epoch 48: val_loss:-95.26, f1:1.00, acc:1.00
soma_trainer:validation_epoch_end:270 -- V48_02_SOMA -- OC_05_G_03_real_000_synt_100 -- lr is ['1.00e-06']
soma_trainer:validation_epoch_end:268 -- V48_02_SOMA -- OC_05_G_03_real_000_synt_100 -- Epoch 49: val_loss:-95.39, f1:1.00, acc:1.00
soma_trainer:validation_epoch_end:270 -- V48_02_SOMA -- OC_05_G_03_real_000_synt_100 -- lr is ['1.00e-06']
soma_trainer:on_train_end:286 -- V48_02_SOMA -- OC_05_G_03_real_000_synt_100 -- best_model_fname: /lustre/scratch/nghorbani/soma/training_experiments/V48_02_SOMA/OC_05_G_03_real_000_synt_100/snapshots/V48_02_SOMA_epoch=41_val_f1=1.00_val_acc=1.00.ckpt
soma_trainer:on_train_end:289 -- V48_02_SOMA -- OC_05_G_03_real_000_synt_100 -- Epoch 49 - Finished training at 2021_07_25_10_37_23 after 8:55:21
